<?xml version="1.0" encoding="UTF-8"?>
<testsuites name="Self-healing" time="38.968" tests="1" failures="0" errors="0">
   <testsuite name="Self-healing" tests="1" failures="0" errors="0" time="38.968" timestamp="2020-10-08 23:47:05" hostname="dungngo.mac - 192.168.1.7" id="Test Suites/Self-healing">
      <properties>
         <property name="deviceName" value=""/>
         <property name="devicePlatform" value=""/>
         <property name="logFolder" value="/Users/dungngo.mac/Projects/KAT/Self-Healing-Webinar-Demo/Reports/20201008_234657/Self-healing/20201008_234657"/>
         <property name="logFiles" value="/Users/dungngo.mac/Projects/KAT/Self-Healing-Webinar-Demo/Reports/20201008_234657/Self-healing/20201008_234657/execution0.log"/>
         <property name="attachments" value=""/>
         <property name="hostName" value="dungngo.mac - 192.168.1.7"/>
         <property name="os" value="Mac OS X 64bit"/>
         <property name="katalonVersion" value="7.6.7.205"/>
         <property name="browser" value="Chrome 85.0.4183.121"/>
         <property name="hostAddress" value="192.168.1.7"/>
         <property name="sessionId" value="0a5cfbca410ede6e16435322a8da5f25"/>
         <property name="seleniumVersion" value="3.141.59"/>
         <property name="proxyInformation" value="ProxyInformation { proxyOption=NO_PROXY, proxyServerType=HTTP, username=, password=********, proxyServerAddress=, proxyServerPort=0, executionList=&quot;&quot;, isApplyToDesiredCapabilities=true }"/>
         <property name="platform" value="Mac OS X"/>
      </properties>
      <testcase name="Test Cases/Self-Healing/ID is changed - Neighbor XPath Savior" time="37.44" classname="Test Cases/Self-Healing/ID is changed - Neighbor XPath Savior" status="PASSED">
         <system-out><![CDATA[2020-10-08 23:47:05 - [TEST_CASE][PASSED] - Test Cases/Self-Healing/ID is changed - Neighbor XPath Savior: Test Cases/Self-Healing/ID is changed - Neighbor XPath Savior

2020-10-08 23:47:06 - [TEST_STEP][PASSED] - openBrowser(""): Browser is opened with url: ''

2020-10-08 23:47:06 - [MESSAGE][INFO] - Starting 'Chrome' driver

2020-10-08 23:47:06 - [MESSAGE][INFO] - Action delay is set to 0 milliseconds

2020-10-08 23:47:09 - [MESSAGE][PASSED] - Browser is opened with url: ''

2020-10-08 23:47:09 - [TEST_STEP][PASSED] - navigateToUrl("https://katalon-demo-cura.herokuapp.com/"): Navigate to 'https://katalon-demo-cura.herokuapp.com/' successfully

2020-10-08 23:47:13 - [MESSAGE][PASSED] - Navigate to 'https://katalon-demo-cura.herokuapp.com/' successfully

2020-10-08 23:47:13 - [TEST_STEP][PASSED] - click(findTestObject("Page_CURA Healthcare Service/a_Make Appointment")): Object: 'Object Repository/Page_CURA Healthcare Service/a_Make Appointment' is clicked on

2020-10-08 23:47:14 - [MESSAGE][PASSED] - Object: 'Object Repository/Page_CURA Healthcare Service/a_Make Appointment' is clicked on

2020-10-08 23:47:14 - [TEST_STEP][PASSED] - setText(findTestObject("Page_CURA Healthcare Service/input_Username_username"), "John Doe"): Text 'John Doe' is set on object 'Object Repository/Page_CURA Healthcare Service/input_Username_username'

2020-10-08 23:47:14 - [MESSAGE][PASSED] - Text 'John Doe' is set on object 'Object Repository/Page_CURA Healthcare Service/input_Username_username'

2020-10-08 23:47:14 - [TEST_STEP][PASSED] - setEncryptedText(findTestObject("Page_CURA Healthcare Service/input_Password_password"), "g3/DOGG74jC3Flrr3yH+3D/yKbOqqUNM"): Text ****** has been set on object 'Object Repository/Page_CURA Healthcare Service/input_Password_password'

2020-10-08 23:47:15 - [MESSAGE][PASSED] - Text ****** has been set on object 'Object Repository/Page_CURA Healthcare Service/input_Password_password'

2020-10-08 23:47:15 - [TEST_STEP][PASSED] - click(findTestObject("Page_CURA Healthcare Service/button_Login")): Object: 'Object Repository/Page_CURA Healthcare Service/button_Login' is clicked on

2020-10-08 23:47:16 - [MESSAGE][PASSED] - Object: 'Object Repository/Page_CURA Healthcare Service/button_Login' is clicked on

2020-10-08 23:47:16 - [TEST_STEP][PASSED] - selectOptionByValue(findTestObject("Page_CURA Healthcare Service/select_Tokyo CURA Healthcare Center        _5b4107"), "Hongkong CURA Healthcare Center", true): All options with value 'Hongkong CURA Healthcare Center' are selected in object 'Object Repository/Page_CURA Healthcare Service/select_Tokyo CURA Healthcare Center        _5b4107'  using regular expression

2020-10-08 23:47:23 - [MESSAGE][INFO] - Unable to find the element located by 'By.xpath: //select[@id='combo_facility-1']'. Please recheck the objects properties to make sure the desired element is located. 

2020-10-08 23:47:23 - [MESSAGE][WARNING] - [SELF-HEALING] Failed to find element with id 'Object Repository/Page_CURA Healthcare Service/select_Tokyo CURA Healthcare Center        _5b4107'. Try using Self-healing.

2020-10-08 23:47:25 - [MESSAGE][INFO] - [SELF-HEALING] Failed Locator: '//select[@id='combo_facility-1']'.

2020-10-08 23:47:27 - [MESSAGE][INFO] - [SELF-HEALING] Working Locator: '(.//*[normalize-space(text()) and normalize-space(.)='Facility'])[1]/following::select[1]'.

2020-10-08 23:47:27 - [MESSAGE][INFO] - [SELF-HEALING] Screenshot: /Users/dungngo.mac/Projects/KAT/Self-Healing-Webinar-Demo/Reports/Self-healing/Object Repository/Page_CURA Healthcare Service/select_Tokyo CURA Healthcare Center        _5b4107_neighbor.png

2020-10-08 23:47:27 - [MESSAGE][WARNING] - [SELF-HEALING] The current locator of test object 'Object Repository/Page_CURA Healthcare Service/select_Tokyo CURA Healthcare Center        _5b4107' was broken. Propose an alternative one: '(.//*[normalize-space(text()) and normalize-space(.)='Facility'])[1]/following::select[1]'.

2020-10-08 23:47:31 - [MESSAGE][PASSED] - All options with value 'Hongkong CURA Healthcare Center' are selected in object 'Object Repository/Page_CURA Healthcare Service/select_Tokyo CURA Healthcare Center        _5b4107'  using regular expression

2020-10-08 23:47:31 - [TEST_STEP][PASSED] - click(findTestObject("Page_CURA Healthcare Service/input_Visit Date (Required)_visit_date")): Object: 'Object Repository/Page_CURA Healthcare Service/input_Visit Date (Required)_visit_date' is clicked on

2020-10-08 23:47:33 - [MESSAGE][PASSED] - Object: 'Object Repository/Page_CURA Healthcare Service/input_Visit Date (Required)_visit_date' is clicked on

2020-10-08 23:47:33 - [TEST_STEP][PASSED] - click(findTestObject("Page_CURA Healthcare Service/td_28")): Object: 'Object Repository/Page_CURA Healthcare Service/td_28' is clicked on

2020-10-08 23:47:35 - [MESSAGE][PASSED] - Object: 'Object Repository/Page_CURA Healthcare Service/td_28' is clicked on

2020-10-08 23:47:35 - [TEST_STEP][PASSED] - setText(findTestObject("Page_CURA Healthcare Service/textarea_Comment_comment"), "comment"): Text 'comment' is set on object 'Object Repository/Page_CURA Healthcare Service/textarea_Comment_comment'

2020-10-08 23:47:39 - [MESSAGE][PASSED] - Text 'comment' is set on object 'Object Repository/Page_CURA Healthcare Service/textarea_Comment_comment'

2020-10-08 23:47:39 - [TEST_STEP][PASSED] - click(findTestObject("Page_CURA Healthcare Service/button_Book Appointment")): Object: 'Object Repository/Page_CURA Healthcare Service/button_Book Appointment' is clicked on

2020-10-08 23:47:41 - [MESSAGE][PASSED] - Object: 'Object Repository/Page_CURA Healthcare Service/button_Book Appointment' is clicked on

2020-10-08 23:47:41 - [TEST_STEP][PASSED] - verifyElementText(findTestObject("Page_CURA Healthcare Service/h2_Appointment Confirmation"), "Appointment Confirmation"): Actual text and expected text of test object 'Object Repository/Page_CURA Healthcare Service/h2_Appointment Confirmation' are matched.

2020-10-08 23:47:43 - [MESSAGE][PASSED] - Actual text and expected text of test object 'Object Repository/Page_CURA Healthcare Service/h2_Appointment Confirmation' are matched.

2020-10-08 23:47:43 - [TEST_STEP][PASSED] - closeBrowser(): Browser is closed

2020-10-08 23:47:43 - [MESSAGE][PASSED] - Browser is closed]]></system-out>
         <system-err><![CDATA[]]></system-err>
      </testcase>
      <system-out><![CDATA[2020-10-08 23:47:05 - [TEST_SUITE][PASSED] - Self-healing: Test Cases/Self-Healing/ID is changed - Neighbor XPath Savior]]></system-out>
      <system-err><![CDATA[]]></system-err>
   </testsuite>
</testsuites>
