<?xml version="1.0" encoding="UTF-8"?>
<testsuites name="Smart Wait" time="8.043" tests="1" failures="0" errors="0">
   <testsuite name="Smart Wait" tests="1" failures="0" errors="0" time="8.043" timestamp="2020-10-12 13:48:11" hostname="dungngo.mac - 192.168.37.36" id="Test Suites/Smart Wait">
      <properties>
         <property name="deviceName" value=""/>
         <property name="devicePlatform" value=""/>
         <property name="logFolder" value="/Users/dungngo.mac/Projects/KAT/Self-Healing-Webinar-Demo/Reports/20201012_134803/Smart Wait/20201012_134803"/>
         <property name="logFiles" value="/Users/dungngo.mac/Projects/KAT/Self-Healing-Webinar-Demo/Reports/20201012_134803/Smart Wait/20201012_134803/execution0.log"/>
         <property name="attachments" value=""/>
         <property name="hostName" value="dungngo.mac - 192.168.37.36"/>
         <property name="os" value="Mac OS X 64bit"/>
         <property name="katalonVersion" value="7.7.2.205"/>
         <property name="browser" value="Chrome 85.0.4183.121"/>
         <property name="hostAddress" value="192.168.37.36"/>
         <property name="sessionId" value="0f8818568d792524c42087b216161bf7"/>
         <property name="seleniumVersion" value="3.141.59"/>
         <property name="proxyInformation" value="ProxyInformation { proxyOption=NO_PROXY, proxyServerType=HTTP, username=, password=********, proxyServerAddress=, proxyServerPort=0, executionList=&quot;&quot;, isApplyToDesiredCapabilities=true }"/>
         <property name="platform" value="Mac OS X"/>
      </properties>
      <testcase name="Test Cases/Smart Wait/Smart Wait" time="7.312" classname="Test Cases/Smart Wait/Smart Wait" status="PASSED">
         <system-out><![CDATA[2020-10-12 13:48:11 - [TEST_CASE][PASSED] - Test Cases/Smart Wait/Smart Wait: Test Cases/Smart Wait/Smart Wait

2020-10-12 13:48:11 - [TEST_STEP][PASSED] - openBrowser(""): Browser is opened with url: ''

2020-10-12 13:48:12 - [MESSAGE][INFO] - Starting 'Chrome' driver

2020-10-12 13:48:12 - [MESSAGE][INFO] - Action delay is set to 0 milliseconds

2020-10-12 13:48:16 - [MESSAGE][PASSED] - Browser is opened with url: ''

2020-10-12 13:48:16 - [TEST_STEP][PASSED] - navigateToUrl("https://demo.tutorialzine.com/2009/09/simple-ajax-website-jquery/demo.html#page1"): Navigate to 'https://demo.tutorialzine.com/2009/09/simple-ajax-website-jquery/demo.html#page1' successfully

2020-10-12 13:48:17 - [MESSAGE][PASSED] - Navigate to 'https://demo.tutorialzine.com/2009/09/simple-ajax-website-jquery/demo.html#page1' successfully

2020-10-12 13:48:17 - [TEST_STEP][PASSED] - click(findTestObject("Object Repository/Page_A simple AJAX website with jQuery/a_Page 2")): Object: 'Object Repository/Page_A simple AJAX website with jQuery/a_Page 2' is clicked on

2020-10-12 13:48:17 - [MESSAGE][PASSED] - Object: 'Object Repository/Page_A simple AJAX website with jQuery/a_Page 2' is clicked on

2020-10-12 13:48:17 - [TEST_STEP][PASSED] - verifyElementText(findTestObject("Object Repository/Page_A simple AJAX website with jQuery/div_Aliquam imperdiet tempor facilisis Sed _4b0df1"), "Aliquam imperdiet tempor facilisis. Sed elementum ultrices vulputate. In hac habitasse platea dictumst. In et accumsan turpis. Nullam laoreet posuere eros ac iaculis. Nullam ut velit arcu. Lorem ipsum dolor sit amet, consectetur adipiscing elit. Aliquam erat volutpat."): Actual text and expected text of test object 'Object Repository/Page_A simple AJAX website with jQuery/div_Aliquam imperdiet tempor facilisis Sed _4b0df1' are matched.

2020-10-12 13:48:18 - [MESSAGE][PASSED] - Actual text and expected text of test object 'Object Repository/Page_A simple AJAX website with jQuery/div_Aliquam imperdiet tempor facilisis Sed _4b0df1' are matched.]]></system-out>
         <system-err><![CDATA[]]></system-err>
      </testcase>
      <system-out><![CDATA[2020-10-12 13:48:11 - [TEST_SUITE][PASSED] - Smart Wait: Test Cases/Smart Wait/Smart Wait]]></system-out>
      <system-err><![CDATA[]]></system-err>
   </testsuite>
</testsuites>
