<?xml version="1.0" encoding="UTF-8"?>
<testsuites name="Demo Test Suite" time="65.437" tests="3" failures="0" skips="0" errors="0">
   <testsuite name="Demo Test Suite" tests="3" failures="0" errors="0" time="65.437" skips="0" timestamp="2021-03-12 10:57:17" hostname="dungngo.mac - 192.168.37.36" id="Test Suites/Demo Test Suite">
      <properties>
         <property name="deviceName" value=""/>
         <property name="devicePlatform" value=""/>
         <property name="logFolder" value="/Users/dungngo.mac/Katalon Studio/Temp/Self-Healing-Webinar-Demo/Reports/20210312_105708/Demo Test Suite/20210312_105708"/>
         <property name="logFiles" value="/Users/dungngo.mac/Katalon Studio/Temp/Self-Healing-Webinar-Demo/Reports/20210312_105708/Demo Test Suite/20210312_105708/execution0.log"/>
         <property name="attachments" value=""/>
         <property name="hostName" value="dungngo.mac - 192.168.37.36"/>
         <property name="os" value="Mac OS X 64bit"/>
         <property name="katalonVersion" value="null.null"/>
         <property name="browser" value="Chrome 89.0.4389.82"/>
         <property name="hostAddress" value="192.168.37.36"/>
         <property name="sessionId" value="e98a1bc742153a690897346154bd0c60"/>
         <property name="seleniumVersion" value="3.141.59"/>
         <property name="proxyInformation" value="ProxyInformation { proxyOption=NO_PROXY, proxyServerType=HTTP, username=, password=********, proxyServerAddress=, proxyServerPort=0, executionList=&quot;&quot;, isApplyToDesiredCapabilities=false }"/>
         <property name="platform" value="Mac OS X"/>
      </properties>
      <testcase name="Test Cases/Smart Wait/Smart Wait" time="6.256" classname="Test Cases/Smart Wait/Smart Wait" status="PASSED">
         <system-out><![CDATA[2021-03-12 10:57:18 - [TEST_CASE][PASSED] - Test Cases/Smart Wait/Smart Wait: Test Cases/Smart Wait/Smart Wait

2021-03-12 10:57:18 - [TEST_STEP][PASSED] - openBrowser(""): Browser is opened with url: ''

2021-03-12 10:57:19 - [MESSAGE][INFO] - Starting 'Chrome (headless)' driver

2021-03-12 10:57:19 - [MESSAGE][INFO] - Action delay is set to 0 milliseconds

2021-03-12 10:57:21 - [MESSAGE][PASSED] - Browser is opened with url: ''

2021-03-12 10:57:21 - [TEST_STEP][PASSED] - navigateToUrl("https://demo.tutorialzine.com/2009/09/simple-ajax-website-jquery/demo.html#page1"): Navigate to 'https://demo.tutorialzine.com/2009/09/simple-ajax-website-jquery/demo.html#page1' successfully

2021-03-12 10:57:23 - [MESSAGE][PASSED] - Navigate to 'https://demo.tutorialzine.com/2009/09/simple-ajax-website-jquery/demo.html#page1' successfully

2021-03-12 10:57:23 - [TEST_STEP][PASSED] - click(findTestObject("Object Repository/Page_A simple AJAX website with jQuery/a_Page 2")): Object: 'Object Repository/Page_A simple AJAX website with jQuery/a_Page 2' is clicked on

2021-03-12 10:57:23 - [MESSAGE][PASSED] - Object: 'Object Repository/Page_A simple AJAX website with jQuery/a_Page 2' is clicked on

2021-03-12 10:57:23 - [TEST_STEP][NOT_RUN] - delay(3): NOT_RUN: delay(3)

2021-03-12 10:57:23 - [MESSAGE][NOT_RUN] - NOT_RUN: delay(3)

2021-03-12 10:57:23 - [TEST_STEP][PASSED] - verifyElementText(findTestObject("Object Repository/Page_A simple AJAX website with jQuery/div_Aliquam imperdiet tempor facilisis Sed _4b0df1"), "Aliquam imperdiet tempor facilisis. Sed elementum ultrices vulputate. In hac habitasse platea dictumst. In et accumsan turpis. Nullam laoreet posuere eros ac iaculis. Nullam ut velit arcu. Lorem ipsum dolor sit amet, consectetur adipiscing elit. Aliquam erat volutpat."): Actual text and expected text of test object 'Object Repository/Page_A simple AJAX website with jQuery/div_Aliquam imperdiet tempor facilisis Sed _4b0df1' are matched.

2021-03-12 10:57:23 - [MESSAGE][PASSED] - Actual text and expected text of test object 'Object Repository/Page_A simple AJAX website with jQuery/div_Aliquam imperdiet tempor facilisis Sed _4b0df1' are matched.

2021-03-12 10:57:23 - [TEST_STEP][PASSED] - closeBrowser(): Browser is closed

2021-03-12 10:57:23 - [MESSAGE][PASSED] - Browser is closed]]></system-out>
         <system-err><![CDATA[]]></system-err>
      </testcase>
      <testcase name="Test Cases/Custom-keyword samples/Order and check out a single product using coupon" time="47.937" classname="Test Cases/Custom-keyword samples/Order and check out a single product using coupon" status="PASSED">
         <system-out><![CDATA[2021-03-12 10:57:24 - [TEST_CASE][PASSED] - Test Cases/Custom-keyword samples/Order and check out a single product using coupon: Test Cases/Custom-keyword samples/Order and check out a single product using coupon

2021-03-12 10:57:24 - [TEST_STEP][PASSED] - sample.Login.loginIntoApplicationWithGlobalVariable(): sample.Login.loginIntoApplicationWithGlobalVariable is PASSED

2021-03-12 10:57:25 - [MESSAGE][INFO] - Starting 'Chrome (headless)' driver

2021-03-12 10:57:25 - [MESSAGE][INFO] - Action delay is set to 0 milliseconds

2021-03-12 10:57:31 - [MESSAGE][PASSED] - Browser is opened with url: 'http://cms.demo.katalon.com/my-account'

2021-03-12 10:57:31 - [MESSAGE][PASSED] - Wait for page load successfully

2021-03-12 10:57:31 - [MESSAGE][PASSED] - Current window maximized

2021-03-12 10:57:32 - [MESSAGE][PASSED] - Object 'Object Repository/Pages/MyAccount page/nav_HomeMyaccount' is visible

2021-03-12 10:57:32 - [MESSAGE][PASSED] - Keys 'customer' sent to object: 'Object Repository/Pages/MyAccount page/txtUsername'

2021-03-12 10:57:32 - [MESSAGE][PASSED] - Keys '123456789' sent to object: 'Object Repository/Pages/MyAccount page/txtPassword'

2021-03-12 10:57:34 - [MESSAGE][PASSED] - Object: 'Object Repository/Pages/MyAccount page/btnLogin' is clicked on

2021-03-12 10:57:35 - [MESSAGE][PASSED] - Delayed 1 second(s)

2021-03-12 10:57:35 - [MESSAGE][PASSED] - sample.Login.loginIntoApplicationWithGlobalVariable is PASSED

2021-03-12 10:57:35 - [TEST_STEP][PASSED] - waitForElementPresent(findTestObject("Pages/Shop page/lnkShop"), waitPresentTimeout): Object 'Object Repository/Pages/Shop page/lnkShop' is present

2021-03-12 10:57:35 - [MESSAGE][PASSED] - Object 'Object Repository/Pages/Shop page/lnkShop' is present

2021-03-12 10:57:35 - [TEST_STEP][PASSED] - click(findTestObject("Pages/Shop page/lnkShop")): Object: 'Object Repository/Pages/Shop page/lnkShop' is clicked on

2021-03-12 10:57:38 - [MESSAGE][PASSED] - Object: 'Object Repository/Pages/Shop page/lnkShop' is clicked on

2021-03-12 10:57:38 - [TEST_STEP][PASSED] - sample.Shop.applyCouponAndAddToCartWithGlobalVariable(): sample.Shop.applyCouponAndAddToCartWithGlobalVariable is PASSED

2021-03-12 10:57:44 - [MESSAGE][PASSED] - Navigate to 'http://cms.demo.katalon.com/product/flying-ninja' successfully

2021-03-12 10:57:49 - [MESSAGE][PASSED] - Delayed 5 second(s)

2021-03-12 10:57:49 - [MESSAGE][PASSED] - Object 'Object Repository/Pages/Shop page/btnAddToCart' is present

2021-03-12 10:57:50 - [MESSAGE][PASSED] - Object: 'Object Repository/Pages/Shop page/btnAddToCart' is clicked on

2021-03-12 10:57:50 - [MESSAGE][PASSED] - Object 'Object Repository/Pages/Shop page/lnkViewCart' is present

2021-03-12 10:57:53 - [MESSAGE][PASSED] - Object: 'Object Repository/Pages/Shop page/lnkViewCart' is clicked on

2021-03-12 10:57:53 - [MESSAGE][PASSED] - Text 'KBAW662S' is set on object 'Object Repository/Pages/Shop page/txtCoupon'

2021-03-12 10:57:53 - [MESSAGE][PASSED] - Object: 'Object Repository/Pages/Shop page/btnApply' is clicked on

2021-03-12 10:57:53 - [MESSAGE][PASSED] - sample.Shop.applyCouponAndAddToCartWithGlobalVariable is PASSED

2021-03-12 10:57:53 - [TEST_STEP][PASSED] - sample.Checkout.CheckoutShopWithGlobalVariable(): sample.Checkout.CheckoutShopWithGlobalVariable is PASSED

2021-03-12 10:57:55 - [MESSAGE][PASSED] - Object: 'Object Repository/Pages/Checkout page/lnkCheckout' is clicked on

2021-03-12 10:57:55 - [MESSAGE][PASSED] - Object 'Object Repository/Pages/Checkout page/txtFirstname' is visible

2021-03-12 10:57:56 - [MESSAGE][PASSED] - Text 'katalon' is set on object 'Object Repository/Pages/Checkout page/txtFirstname'

2021-03-12 10:57:56 - [MESSAGE][PASSED] - Text 'customer' is set on object 'Object Repository/Pages/Checkout page/txtLastname'

2021-03-12 10:57:56 - [MESSAGE][PASSED] - Object 'Object Repository/Pages/Checkout page/inputCompanyName' is visible

2021-03-12 10:57:56 - [MESSAGE][PASSED] - Text 'KMS' is set on object 'Object Repository/Pages/Checkout page/inputCompanyName'

2021-03-12 10:58:00 - [MESSAGE][INFO] - The list of options is: [SELECT A COUNTRY…, ÅLAND ISLANDS, AFGHANISTAN, ALBANIA, ALGERIA, AMERICAN SAMOA, ANDORRA, ANGOLA, ANGUILLA, ANTARCTICA, ANTIGUA AND BARBUDA, ARGENTINA, ARMENIA, ARUBA, AUSTRALIA, AUSTRIA, AZERBAIJAN, BAHAMAS, BAHRAIN, BANGLADESH, BARBADOS, BELARUS, BELAU, BELGIUM, BELIZE, BENIN, BERMUDA, BHUTAN, BOLIVIA, BONAIRE, SAINT EUSTATIUS AND SABA, BOSNIA AND HERZEGOVINA, BOTSWANA, BOUVET ISLAND, BRAZIL, BRITISH INDIAN OCEAN TERRITORY, BRUNEI, BULGARIA, BURKINA FASO, BURUNDI, CAMBODIA, CAMEROON, CANADA, CAPE VERDE, CAYMAN ISLANDS, CENTRAL AFRICAN REPUBLIC, CHAD, CHILE, CHINA, CHRISTMAS ISLAND, COCOS (KEELING) ISLANDS, COLOMBIA, COMOROS, CONGO (BRAZZAVILLE), CONGO (KINSHASA), COOK ISLANDS, COSTA RICA, CROATIA, CUBA, CURAÇAO, CYPRUS, CZECH REPUBLIC, DENMARK, DJIBOUTI, DOMINICA, DOMINICAN REPUBLIC, ECUADOR, EGYPT, EL SALVADOR, EQUATORIAL GUINEA, ERITREA, ESTONIA, ETHIOPIA, FALKLAND ISLANDS, FAROE ISLANDS, FIJI, FINLAND, FRANCE, FRENCH GUIANA, FRENCH POLYNESIA, FRENCH SOUTHERN TERRITORIES, GABON, GAMBIA, GEORGIA, GERMANY, GHANA, GIBRALTAR, GREECE, GREENLAND, GRENADA, GUADELOUPE, GUAM, GUATEMALA, GUERNSEY, GUINEA, GUINEA-BISSAU, GUYANA, HAITI, HEARD ISLAND AND MCDONALD ISLANDS, HONDURAS, HONG KONG, HUNGARY, ICELAND, INDIA, INDONESIA, IRAN, IRAQ, IRELAND, ISLE OF MAN, ISRAEL, ITALY, IVORY COAST, JAMAICA, JAPAN, JERSEY, JORDAN, KAZAKHSTAN, KENYA, KIRIBATI, KUWAIT, KYRGYZSTAN, LAOS, LATVIA, LEBANON, LESOTHO, LIBERIA, LIBYA, LIECHTENSTEIN, LITHUANIA, LUXEMBOURG, MACAO S.A.R., CHINA, MADAGASCAR, MALAWI, MALAYSIA, MALDIVES, MALI, MALTA, MARSHALL ISLANDS, MARTINIQUE, MAURITANIA, MAURITIUS, MAYOTTE, MEXICO, MICRONESIA, MOLDOVA, MONACO, MONGOLIA, MONTENEGRO, MONTSERRAT, MOROCCO, MOZAMBIQUE, MYANMAR, NAMIBIA, NAURU, NEPAL, NETHERLANDS, NEW CALEDONIA, NEW ZEALAND, NICARAGUA, NIGER, NIGERIA, NIUE, NORFOLK ISLAND, NORTH KOREA, NORTH MACEDONIA, NORTHERN MARIANA ISLANDS, NORWAY, OMAN, PAKISTAN, PALESTINIAN TERRITORY, PANAMA, PAPUA NEW GUINEA, PARAGUAY, PERU, PHILIPPINES, PITCAIRN, POLAND, PORTUGAL, PUERTO RICO, QATAR, REUNION, ROMANIA, RUSSIA, RWANDA, SÃO TOMÉ AND PRÍNCIPE, SAINT BARTHÉLEMY, SAINT HELENA, SAINT KITTS AND NEVIS, SAINT LUCIA, SAINT MARTIN (DUTCH PART), SAINT MARTIN (FRENCH PART), SAINT PIERRE AND MIQUELON, SAINT VINCENT AND THE GRENADINES, SAMOA, SAN MARINO, SAUDI ARABIA, SENEGAL, SERBIA, SEYCHELLES, SIERRA LEONE, SINGAPORE, SLOVAKIA, SLOVENIA, SOLOMON ISLANDS, SOMALIA, SOUTH AFRICA, SOUTH GEORGIA/SANDWICH ISLANDS, SOUTH KOREA, SOUTH SUDAN, SPAIN, SRI LANKA, SUDAN, SURINAME, SVALBARD AND JAN MAYEN, SWAZILAND, SWEDEN, SWITZERLAND, SYRIA, TAIWAN, TAJIKISTAN, TANZANIA, THAILAND, TIMOR-LESTE, TOGO, TOKELAU, TONGA, TRINIDAD AND TOBAGO, TUNISIA, TURKEY, TURKMENISTAN, TURKS AND CAICOS ISLANDS, TUVALU, UGANDA, UKRAINE, UNITED ARAB EMIRATES, UNITED KINGDOM (UK), UNITED STATES (US), UNITED STATES (US) MINOR OUTLYING ISLANDS, URUGUAY, UZBEKISTAN, VANUATU, VATICAN, VENEZUELA, VIETNAM, VIRGIN ISLANDS (BRITISH), VIRGIN ISLANDS (US), WALLIS AND FUTUNA, WESTERN SAHARA, YEMEN, ZAMBIA, ZIMBABWE]

2021-03-12 10:58:00 - [MESSAGE][PASSED] - Attribute 'class' of object 'Object Repository/Select2/select_single' is: 'country_to_state country_select select2-hidden-accessible'

2021-03-12 10:58:00 - [MESSAGE][INFO] - The selected options list is: [Vietnam]

2021-03-12 10:58:00 - [MESSAGE][PASSED] - Text '119 Nguyen Thi Thap' is set on object 'Object Repository/Pages/Checkout page/inputAddress'

2021-03-12 10:58:00 - [MESSAGE][PASSED] - Text 'HCM' is set on object 'Object Repository/Pages/Checkout page/inputCity'

2021-03-12 10:58:01 - [MESSAGE][PASSED] - Text '70000' is set on object 'Object Repository/Pages/Checkout page/inputPostcode'

2021-03-12 10:58:01 - [MESSAGE][PASSED] - Text '0359912894' is set on object 'Object Repository/Pages/Checkout page/inputPhone'

2021-03-12 10:58:01 - [MESSAGE][PASSED] - Object 'Object Repository/Pages/Checkout page/blockUI' is present

2021-03-12 10:58:02 - [MESSAGE][PASSED] - Web element with id: 'Object Repository/Pages/Checkout page/blockUI' located by 'By.xpath: //*[@class = 'blockUI blockOverlay']' is not present after '60' second(s)

2021-03-12 10:58:02 - [MESSAGE][PASSED] - Object: 'Object Repository/Pages/Checkout page/btnPlaceOrder' is clicked on

2021-03-12 10:58:02 - [MESSAGE][PASSED] - Object 'Object Repository/Pages/Checkout page/blockUI' is present

2021-03-12 10:58:05 - [MESSAGE][PASSED] - Web element with id: 'Object Repository/Pages/Checkout page/blockUI' located by 'By.xpath: //*[@class = 'blockUI blockOverlay']' is not present after '60' second(s)

2021-03-12 10:58:05 - [MESSAGE][PASSED] - sample.Checkout.CheckoutShopWithGlobalVariable is PASSED

2021-03-12 10:58:05 - [TEST_STEP][PASSED] - sample.Login.logoutFromApplication(): sample.Login.logoutFromApplication is PASSED

2021-03-12 10:58:05 - [MESSAGE][PASSED] - Object 'Object Repository/Pages/MyAccount page/lnkMyAccount' is present

2021-03-12 10:58:06 - [MESSAGE][PASSED] - Object: 'Object Repository/Pages/MyAccount page/lnkMyAccount' is clicked on

2021-03-12 10:58:06 - [MESSAGE][PASSED] - Object 'Object Repository/Pages/MyAccount page/lnkLogout' is present

2021-03-12 10:58:08 - [MESSAGE][PASSED] - Object: 'Object Repository/Pages/MyAccount page/lnkLogout' is clicked on

2021-03-12 10:58:08 - [MESSAGE][PASSED] - Object 'Object Repository/Pages/MyAccount page/nav_HomeMyaccount' is visible

2021-03-12 10:58:08 - [MESSAGE][PASSED] - sample.Login.logoutFromApplication is PASSED

2021-03-12 10:58:08 - [TEST_STEP][PASSED] - closeBrowser(): Browser is closed

2021-03-12 10:58:08 - [MESSAGE][PASSED] - Browser is closed]]></system-out>
         <system-err><![CDATA[]]></system-err>
      </testcase>
      <testcase name="Test Cases/Self-Healing/ID is changed - Neighbor XPath Savior" time="9.653" classname="Test Cases/Self-Healing/ID is changed - Neighbor XPath Savior" status="PASSED">
         <system-out><![CDATA[2021-03-12 10:58:12 - [TEST_CASE][PASSED] - Test Cases/Self-Healing/ID is changed - Neighbor XPath Savior: Test Cases/Self-Healing/ID is changed - Neighbor XPath Savior

2021-03-12 10:58:13 - [TEST_STEP][PASSED] - openBrowser(""): Browser is opened with url: ''

2021-03-12 10:58:13 - [MESSAGE][INFO] - Starting 'Chrome (headless)' driver

2021-03-12 10:58:13 - [MESSAGE][INFO] - Action delay is set to 0 milliseconds

2021-03-12 10:58:13 - [MESSAGE][PASSED] - Browser is opened with url: ''

2021-03-12 10:58:13 - [TEST_STEP][PASSED] - navigateToUrl("https://katalon-demo-cura.herokuapp.com/"): Navigate to 'https://katalon-demo-cura.herokuapp.com/' successfully

2021-03-12 10:58:16 - [MESSAGE][PASSED] - Navigate to 'https://katalon-demo-cura.herokuapp.com/' successfully

2021-03-12 10:58:16 - [TEST_STEP][PASSED] - click(findTestObject("Object Repository/Page_CURA Healthcare Service/a_Make Appointment")): Object: 'Object Repository/Page_CURA Healthcare Service/a_Make Appointment' is clicked on

2021-03-12 10:58:17 - [MESSAGE][PASSED] - Object: 'Object Repository/Page_CURA Healthcare Service/a_Make Appointment' is clicked on

2021-03-12 10:58:17 - [TEST_STEP][PASSED] - setText(findTestObject("Object Repository/Page_CURA Healthcare Service/input_Username_username"), "John Doe"): Text 'John Doe' is set on object 'Object Repository/Page_CURA Healthcare Service/input_Username_username'

2021-03-12 10:58:17 - [MESSAGE][PASSED] - Text 'John Doe' is set on object 'Object Repository/Page_CURA Healthcare Service/input_Username_username'

2021-03-12 10:58:17 - [TEST_STEP][PASSED] - setEncryptedText(findTestObject("Object Repository/Page_CURA Healthcare Service/input_Password_password"), "g3/DOGG74jC3Flrr3yH+3D/yKbOqqUNM"): Text ****** has been set on object 'Object Repository/Page_CURA Healthcare Service/input_Password_password'

2021-03-12 10:58:18 - [MESSAGE][PASSED] - Text ****** has been set on object 'Object Repository/Page_CURA Healthcare Service/input_Password_password'

2021-03-12 10:58:18 - [TEST_STEP][PASSED] - click(findTestObject("Object Repository/Page_CURA Healthcare Service/button_Login")): Object: 'Object Repository/Page_CURA Healthcare Service/button_Login' is clicked on

2021-03-12 10:58:18 - [MESSAGE][PASSED] - Object: 'Object Repository/Page_CURA Healthcare Service/button_Login' is clicked on

2021-03-12 10:58:18 - [TEST_STEP][PASSED] - selectOptionByValue(findTestObject("Object Repository/Page_CURA Healthcare Service/select_Tokyo CURA Healthcare Center"), "Hongkong CURA Healthcare Center", true): All options with value 'Hongkong CURA Healthcare Center' are selected in object 'Object Repository/Page_CURA Healthcare Service/select_Tokyo CURA Healthcare Center'  using regular expression

2021-03-12 10:58:19 - [MESSAGE][PASSED] - All options with value 'Hongkong CURA Healthcare Center' are selected in object 'Object Repository/Page_CURA Healthcare Service/select_Tokyo CURA Healthcare Center'  using regular expression

2021-03-12 10:58:19 - [TEST_STEP][PASSED] - click(findTestObject("Object Repository/Page_CURA Healthcare Service/input_Visit Date (Required)_visit_date")): Object: 'Object Repository/Page_CURA Healthcare Service/input_Visit Date (Required)_visit_date' is clicked on

2021-03-12 10:58:19 - [MESSAGE][PASSED] - Object: 'Object Repository/Page_CURA Healthcare Service/input_Visit Date (Required)_visit_date' is clicked on

2021-03-12 10:58:19 - [TEST_STEP][PASSED] - click(findTestObject("Object Repository/Page_CURA Healthcare Service/td_28")): Object: 'Object Repository/Page_CURA Healthcare Service/td_28' is clicked on

2021-03-12 10:58:19 - [MESSAGE][PASSED] - Object: 'Object Repository/Page_CURA Healthcare Service/td_28' is clicked on

2021-03-12 10:58:19 - [TEST_STEP][PASSED] - setText(findTestObject("Object Repository/Page_CURA Healthcare Service/textarea_Comment_comment"), "comment"): Text 'comment' is set on object 'Object Repository/Page_CURA Healthcare Service/textarea_Comment_comment'

2021-03-12 10:58:20 - [MESSAGE][PASSED] - Text 'comment' is set on object 'Object Repository/Page_CURA Healthcare Service/textarea_Comment_comment'

2021-03-12 10:58:20 - [TEST_STEP][PASSED] - click(findTestObject("Object Repository/Page_CURA Healthcare Service/button_Book Appointment")): Object: 'Object Repository/Page_CURA Healthcare Service/button_Book Appointment' is clicked on

2021-03-12 10:58:20 - [MESSAGE][PASSED] - Object: 'Object Repository/Page_CURA Healthcare Service/button_Book Appointment' is clicked on

2021-03-12 10:58:20 - [TEST_STEP][PASSED] - verifyElementText(findTestObject("Object Repository/Page_CURA Healthcare Service/h2_Appointment Confirmation"), "Appointment Confirmation"): Actual text and expected text of test object 'Object Repository/Page_CURA Healthcare Service/h2_Appointment Confirmation' are matched.

2021-03-12 10:58:20 - [MESSAGE][PASSED] - Actual text and expected text of test object 'Object Repository/Page_CURA Healthcare Service/h2_Appointment Confirmation' are matched.

2021-03-12 10:58:20 - [TEST_STEP][PASSED] - closeBrowser(): Browser is closed

2021-03-12 10:58:21 - [MESSAGE][PASSED] - Browser is closed]]></system-out>
         <system-err><![CDATA[]]></system-err>
      </testcase>
      <system-out><![CDATA[2021-03-12 10:57:17 - [TEST_SUITE][PASSED] - Demo Test Suite: Test Cases/Self-Healing/ID is changed - Neighbor XPath Savior]]></system-out>
      <system-err><![CDATA[]]></system-err>
   </testsuite>
</testsuites>
